Unity Editor version:    2021.2.14f1 (bcb93e5482d2)
Branch:                  2021.2/staging
Build type:              Release
Batch mode:              YES
macOS version:           Version 13.3 (Build 22E252)
Darwin version:          22.4.0
Architecture:            arm64
Running under Rosetta:   NO
Available memory:        8192 MB
Using pre-set license
Pro License: YES

COMMAND LINE ARGUMENTS:
/Applications/Unity/Hub/Editor/2021.2.14f1/Unity.app/Contents/MacOS/Unity
-adb2
-batchMode
-noUpm
-name
AssetImportWorker0
-projectPath
/Users/onlue/Kursovaya
-logFile
Logs/AssetImportWorker0.log
-srvPort
49451
Successfully changed project path to: /Users/onlue/Kursovaya
/Users/onlue/Kursovaya
[UnityMemory] Configuration Parameters - Can be set up in boot.config
    "memorysetup-bucket-allocator-granularity=16"
    "memorysetup-bucket-allocator-bucket-count=8"
    "memorysetup-bucket-allocator-block-size=33554432"
    "memorysetup-bucket-allocator-block-count=8"
    "memorysetup-main-allocator-block-size=16777216"
    "memorysetup-thread-allocator-block-size=16777216"
    "memorysetup-gfx-main-allocator-block-size=16777216"
    "memorysetup-gfx-thread-allocator-block-size=16777216"
    "memorysetup-cache-allocator-block-size=4194304"
    "memorysetup-typetree-allocator-block-size=2097152"
    "memorysetup-profiler-bucket-allocator-granularity=16"
    "memorysetup-profiler-bucket-allocator-bucket-count=8"
    "memorysetup-profiler-bucket-allocator-block-size=33554432"
    "memorysetup-profiler-bucket-allocator-block-count=8"
    "memorysetup-profiler-allocator-block-size=16777216"
    "memorysetup-profiler-editor-allocator-block-size=1048576"
    "memorysetup-temp-allocator-size-main=16777216"
    "memorysetup-job-temp-allocator-block-size=2097152"
    "memorysetup-job-temp-allocator-block-size-background=1048576"
    "memorysetup-job-temp-allocator-reduction-small-platforms=262144"
    "memorysetup-temp-allocator-size-background-worker=32768"
    "memorysetup-temp-allocator-size-job-worker=262144"
    "memorysetup-temp-allocator-size-preload-manager=33554432"
    "memorysetup-temp-allocator-size-nav-mesh-worker=65536"
    "memorysetup-temp-allocator-size-audio-worker=65536"
    "memorysetup-temp-allocator-size-cloud-worker=32768"
    "memorysetup-temp-allocator-size-gi-baking-worker=262144"
    "memorysetup-temp-allocator-size-gfx=262144"
Refreshing native plugins compatible for Editor in 126.16 ms, found 2 plugins.
Preloading 0 native plugins for Editor in 0.00 ms.
Initialize engine version: 2021.2.14f1 (bcb93e5482d2)
[Subsystems] Discovering subsystems at path /Applications/Unity/Hub/Editor/2021.2.14f1/Unity.app/Contents/Resources/UnitySubsystems
[Subsystems] Discovering subsystems at path /Users/onlue/Kursovaya/Assets
GfxDevice: creating device client; threaded=0; jobified=0
 preferred device: Apple M1 (high power)
Metal devices available: 1
0: Apple M1 (high power)
Using device Apple M1 (high power)
Initializing Metal device caps: Apple M1
Shader 'WFX/Transparent Diffuse': fallback shader 'Particles/Alpha Blended' not found
Shader 'WFX/Transparent Specular': fallback shader 'Particles/Alpha Blended' not found
Initialize mono
Mono path[0] = '/Applications/Unity/Hub/Editor/2021.2.14f1/Unity.app/Contents/Managed'
Mono path[1] = '/Applications/Unity/Hub/Editor/2021.2.14f1/Unity.app/Contents/MonoBleedingEdge/lib/mono/unityjit-macos'
Mono config path = '/Applications/Unity/Hub/Editor/2021.2.14f1/Unity.app/Contents/MonoBleedingEdge/etc'
Using monoOptions --debugger-agent=transport=dt_socket,embedding=1,server=y,suspend=n,address=127.0.0.1:56749
Begin MonoManager ReloadAssembly
Registering precompiled unity dll's ...
Register platform support module: /Applications/Unity/Hub/Editor/2021.2.14f1/Unity.app/Contents/PlaybackEngines/MacStandaloneSupport/UnityEditor.OSXStandalone.Extensions.dll
Registered in 0.001475 seconds.
Native extension for OSXStandalone target not found
Refreshing native plugins compatible for Editor in 131.31 ms, found 2 plugins.
Preloading 0 native plugins for Editor in 0.00 ms.
Mono: successfully reloaded assembly
- Completed reload, in  0.662 seconds
Domain Reload Profiling:
	ReloadAssembly (662ms)
		BeginReloadAssembly (81ms)
			ExecutionOrderSort (0ms)
			DisableScriptedObjects (0ms)
			BackupInstance (0ms)
			ReleaseScriptingObjects (0ms)
			CreateAndSetChildDomain (1ms)
		EndReloadAssembly (480ms)
			LoadAssemblies (80ms)
			RebuildTransferFunctionScriptingTraits (0ms)
			SetupTypeCache (100ms)
			ReleaseScriptCaches (0ms)
			RebuildScriptCaches (29ms)
			SetupLoadedEditorAssemblies (308ms)
				LogAssemblyErrors (0ms)
				InitializePlatformSupportModulesInManaged (5ms)
				SetLoadedEditorAssemblies (0ms)
				RefreshPlugins (131ms)
				BeforeProcessingInitializeOnLoad (1ms)
				ProcessInitializeOnLoadAttributes (134ms)
				ProcessInitializeOnLoadMethodAttributes (37ms)
				AfterProcessingInitializeOnLoad (0ms)
				EditorAssembliesLoaded (0ms)
			ExecutionOrderSort2 (0ms)
			AwakeInstancesAfterBackupRestoration (0ms)
Platform modules already initialized, skipping
Registering precompiled user dll's ...
Registered in 0.007285 seconds.
Begin MonoManager ReloadAssembly
Symbol file LoadedFromMemory doesn't match image /Users/onlue/Kursovaya/Library/PackageCache/com.unity.visualscripting@1.7.6/Editor/VisualScripting.Core/Dependencies/YamlDotNet/Unity.VisualScripting.YamlDotNet.dll
Symbol file LoadedFromMemory doesn't match image /Users/onlue/Kursovaya/Library/PackageCache/com.unity.visualscripting@1.7.6/Editor/VisualScripting.Core/Dependencies/DotNetZip/Unity.VisualScripting.IonicZip.dll
Native extension for OSXStandalone target not found
Refreshing native plugins compatible for Editor in 0.76 ms, found 2 plugins.
Preloading 0 native plugins for Editor in 0.00 ms.
Mono: successfully reloaded assembly
- Completed reload, in  0.970 seconds
Domain Reload Profiling:
	ReloadAssembly (971ms)
		BeginReloadAssembly (88ms)
			ExecutionOrderSort (0ms)
			DisableScriptedObjects (5ms)
			BackupInstance (0ms)
			ReleaseScriptingObjects (0ms)
			CreateAndSetChildDomain (24ms)
		EndReloadAssembly (778ms)
			LoadAssemblies (69ms)
			RebuildTransferFunctionScriptingTraits (0ms)
			SetupTypeCache (254ms)
			ReleaseScriptCaches (2ms)
			RebuildScriptCaches (55ms)
			SetupLoadedEditorAssemblies (358ms)
				LogAssemblyErrors (0ms)
				InitializePlatformSupportModulesInManaged (3ms)
				SetLoadedEditorAssemblies (0ms)
				RefreshPlugins (1ms)
				BeforeProcessingInitializeOnLoad (80ms)
				ProcessInitializeOnLoadAttributes (249ms)
				ProcessInitializeOnLoadMethodAttributes (24ms)
				AfterProcessingInitializeOnLoad (2ms)
				EditorAssembliesLoaded (0ms)
			ExecutionOrderSort2 (0ms)
			AwakeInstancesAfterBackupRestoration (3ms)
Platform modules already initialized, skipping
========================================================================
Worker process is ready to serve import requests
Shader 'WFX/Transparent Diffuse': fallback shader 'Particles/Alpha Blended' not found
Shader 'WFX/Transparent Specular': fallback shader 'Particles/Alpha Blended' not found
Launching external process: /Applications/Unity/Hub/Editor/2021.2.14f1/Unity.app/Contents/Tools/UnityShaderCompiler
Launched and connected shader compiler UnityShaderCompiler after 0.26 seconds
Refreshing native plugins compatible for Editor in 0.70 ms, found 2 plugins.
Preloading 0 native plugins for Editor in 0.00 ms.
Unloading 3654 Unused Serialized files (Serialized files now loaded: 0)
Unloading 41 unused Assets / (2.0 MB). Loaded Objects now: 4110.
Memory consumption went from 120.8 MB to 118.8 MB.
Total: 5.602833 ms (FindLiveObjects: 0.455041 ms CreateObjectMapping: 0.106625 ms MarkObjects: 4.006333 ms  DeleteObjects: 1.033708 ms)

AssetImportParameters requested are different than current active one (requested -> active):
  custom:video-decoder-ogg-theora: a1e56fd34408186e4bbccfd4996cb3dc -> 
  custom:container-muxer-webm: aa71ff27fc2769a1b78a27578f13a17b -> 
  custom:container-demuxer-webm: 4f35f7cbe854078d1ac9338744f61a02 -> 
  custom:video-encoder-webm-vp8: eb34c28f22e8b96e1ab97ce403110664 -> 
  custom:framework-osx-AVFoundation: e770b220cccbd017edd2c1fefb359320 -> 
  custom:audio-encoder-webm-vorbis: bf7c407c2cedff20999df2af8eb42d56 -> 
  custom:container-demuxer-ogg: 62fdf1f143b41e24485cea50d1cbac27 -> 
  custom:video-decoder-webm-vp8: 9c59270c3fd7afecdb556c50c9e8de78 -> 
  custom:audio-decoder-ogg-vorbis: bf7c407c2cedff20999df2af8eb42d56 -> 
========================================================================
Received Import Request.
  Time since last request: 6039.301616 seconds.
  path: Assets/Prefabs/weapons/M249.prefab
  artifactKey: Guid(100644b66afc7408e8c30fcd79ca77ff) Importer(815301076,1909f56bfc062723c751e8b465ee728b)
Start importing Assets/Prefabs/weapons/M249.prefab using Guid(100644b66afc7408e8c30fcd79ca77ff) Importer(815301076,1909f56bfc062723c751e8b465ee728b)  -> (artifact id: '8a0d75cdecc299ca15e5f5d08b2cfc05') in 1.112951 seconds 
========================================================================
Received Import Request.
  Time since last request: 0.000090 seconds.
  path: Assets/mainMenu/LightingData.asset
  artifactKey: Guid(c38ed9dec8e2f434eb7a655cf8f350e7) Importer(815301076,1909f56bfc062723c751e8b465ee728b)
Start importing Assets/mainMenu/LightingData.asset using Guid(c38ed9dec8e2f434eb7a655cf8f350e7) Importer(815301076,1909f56bfc062723c751e8b465ee728b)  -> (artifact id: 'b74988cec555c8e2937926d85d84b1fe') in 0.041193 seconds 
========================================================================
Received Import Request.
  Time since last request: 0.000091 seconds.
  path: Assets/Prefabs/weapons/M4_8.prefab
  artifactKey: Guid(9a5367faaef564ab198969a3032c2219) Importer(815301076,1909f56bfc062723c751e8b465ee728b)
Start importing Assets/Prefabs/weapons/M4_8.prefab using Guid(9a5367faaef564ab198969a3032c2219) Importer(815301076,1909f56bfc062723c751e8b465ee728b)  -> (artifact id: 'f13ecdef29e512ac4e7bf895f005d7c8') in 0.012525 seconds 
========================================================================
Received Import Request.
  Time since last request: 0.000075 seconds.
  path: Assets/mainMenu/Lightmap-0_comp_light.exr
  artifactKey: Guid(ff1c88bbf51cb43849b4cefcff484b3c) Importer(815301076,1909f56bfc062723c751e8b465ee728b)
Start importing Assets/mainMenu/Lightmap-0_comp_light.exr using Guid(ff1c88bbf51cb43849b4cefcff484b3c) Importer(815301076,1909f56bfc062723c751e8b465ee728b)  -> (artifact id: '00bacfe0a11e61147300e4236ccbe6b0') in 0.742673 seconds 
========================================================================
Received Import Request.
  Time since last request: 0.000052 seconds.
  path: Assets/Prefabs/weapons/M1911.prefab
  artifactKey: Guid(9d0044ca274a34e518f5bb88d4d5d4e4) Importer(815301076,1909f56bfc062723c751e8b465ee728b)
Start importing Assets/Prefabs/weapons/M1911.prefab using Guid(9d0044ca274a34e518f5bb88d4d5d4e4) Importer(815301076,1909f56bfc062723c751e8b465ee728b)  -> (artifact id: '94ce3f8c9eb7a0a0b930cb3e21920ce5') in 0.010214 seconds 
========================================================================
Received Import Request.
  Time since last request: 0.000052 seconds.
  path: Assets/mainMenu/Lightmap-0_comp_dir.png
  artifactKey: Guid(f5f940e5f41ca46839ec36ec93bfb903) Importer(815301076,1909f56bfc062723c751e8b465ee728b)
Start importing Assets/mainMenu/Lightmap-0_comp_dir.png using Guid(f5f940e5f41ca46839ec36ec93bfb903) Importer(815301076,1909f56bfc062723c751e8b465ee728b)  -> (artifact id: '2a8d237bad6999625fc0325528e5afdb') in 0.580572 seconds 
========================================================================
Received Import Request.
  Time since last request: 2.569439 seconds.
  path: Assets/Scripts/ItemsPickUpAndUse.cs
  artifactKey: Guid(21a9d414190bb403080c938cdf90a1fe) Importer(815301076,1909f56bfc062723c751e8b465ee728b)
Start importing Assets/Scripts/ItemsPickUpAndUse.cs using Guid(21a9d414190bb403080c938cdf90a1fe) Importer(815301076,1909f56bfc062723c751e8b465ee728b)  -> (artifact id: '3d13d02aee54677e05ae1da47e23e26d') in 0.228142 seconds 
========================================================================
Received Import Request.
  Time since last request: 204.378959 seconds.
  path: Assets/Scripts/HealthSystem.cs
  artifactKey: Guid(fa2bf8dd19d8d4b5488c52f6b2d52d55) Importer(815301076,1909f56bfc062723c751e8b465ee728b)
Start importing Assets/Scripts/HealthSystem.cs using Guid(fa2bf8dd19d8d4b5488c52f6b2d52d55) Importer(815301076,1909f56bfc062723c751e8b465ee728b)  -> (artifact id: '4068f3412847f4e029c0be4a3953e74d') in 0.006207 seconds 
========================================================================
Received Import Request.
  Time since last request: 10.543746 seconds.
  path: Assets/Scripts/MissonProgress.cs
  artifactKey: Guid(4379500738a1845ae837550b5a6aeb69) Importer(815301076,1909f56bfc062723c751e8b465ee728b)
Start importing Assets/Scripts/MissonProgress.cs using Guid(4379500738a1845ae837550b5a6aeb69) Importer(815301076,1909f56bfc062723c751e8b465ee728b)  -> (artifact id: '99a82a0f5bd91410bc13317f822d3aa2') in 0.001323 seconds 
========================================================================
Received Import Request.
  Time since last request: 0.986625 seconds.
  path: Assets/Scripts/MoveMent.cs
  artifactKey: Guid(f9a1ab9fc5d4d428b9e4cd11be9235f3) Importer(815301076,1909f56bfc062723c751e8b465ee728b)
Start importing Assets/Scripts/MoveMent.cs using Guid(f9a1ab9fc5d4d428b9e4cd11be9235f3) Importer(815301076,1909f56bfc062723c751e8b465ee728b)  -> (artifact id: '9a22f729fb04ce55f092ffb367d32454') in 0.001230 seconds 
========================================================================
Received Import Request.
  Time since last request: 1.327079 seconds.
  path: Assets/Scripts/playerHealth.cs
  artifactKey: Guid(4cde7f747b45e46608186160ab5ee5b9) Importer(815301076,1909f56bfc062723c751e8b465ee728b)
Start importing Assets/Scripts/playerHealth.cs using Guid(4cde7f747b45e46608186160ab5ee5b9) Importer(815301076,1909f56bfc062723c751e8b465ee728b)  -> (artifact id: '16b9b227005adfaedd4c5b767c9fea4f') in 0.001352 seconds 
========================================================================
Received Import Request.
  Time since last request: 1.088515 seconds.
  path: Assets/Scripts/playerMenuScript.cs
  artifactKey: Guid(79840d1741de74c67974bd195976a364) Importer(815301076,1909f56bfc062723c751e8b465ee728b)
Start importing Assets/Scripts/playerMenuScript.cs using Guid(79840d1741de74c67974bd195976a364) Importer(815301076,1909f56bfc062723c751e8b465ee728b)  -> (artifact id: 'ea1f675f97194b1d987226f0f30002f9') in 0.001227 seconds 
